2025-12-11 00:59:27,310 WARN [xxl-job, admin JobScheduleHelper#scheduleThread] com.zaxxer.hikari.pool.PoolBase [PoolBase.java : 184] HikariCP - Failed to validate connection com.mysql.cj.jdbc.ConnectionImpl@1d0d30e2 (No operations allowed after connection closed.). Possibly consider using a shorter maxLifetime value.
2025-12-11 00:59:29,878 WARN [xxl-job, admin JobFailMonitorHelper] com.zaxxer.hikari.pool.PoolBase [PoolBase.java : 184] HikariCP - Failed to validate connection com.mysql.cj.jdbc.ConnectionImpl@75674128 (No operations allowed after connection closed.). Possibly consider using a shorter maxLifetime value.
2025-12-11 00:59:28,257 WARN [xxl-job, admin JobRegistryMonitorHelper-registryOrRemoveThreadPool-830374149] com.zaxxer.hikari.pool.PoolBase [PoolBase.java : 184] HikariCP - Failed to validate connection com.mysql.cj.jdbc.ConnectionImpl@4e8a3ace (No operations allowed after connection closed.). Possibly consider using a shorter maxLifetime value.
2025-12-11 01:15:28,482 WARN [xxl-job, admin JobLogReportHelper] com.zaxxer.hikari.pool.PoolBase [PoolBase.java : 184] HikariCP - Failed to validate connection com.mysql.cj.jdbc.ConnectionImpl@72687208 (No operations allowed after connection closed.). Possibly consider using a shorter maxLifetime value.
2025-12-11 03:17:25,086 WARN [xxl-job, admin JobScheduleHelper#scheduleThread] com.zaxxer.hikari.pool.PoolBase [PoolBase.java : 184] HikariCP - Failed to validate connection com.mysql.cj.jdbc.ConnectionImpl@769d9990 (No operations allowed after connection closed.). Possibly consider using a shorter maxLifetime value.
2025-12-11 03:17:37,029 WARN [xxl-job, admin JobScheduleHelper#scheduleThread] com.zaxxer.hikari.pool.PoolBase [PoolBase.java : 184] HikariCP - Failed to validate connection com.mysql.cj.jdbc.ConnectionImpl@b9c3689 (No operations allowed after connection closed.). Possibly consider using a shorter maxLifetime value.
2025-12-11 03:17:38,202 ERROR [xxl-job, admin JobScheduleHelper#scheduleThread] c.x.j.a.c.thread.JobScheduleHelper [JobScheduleHelper.java : 155] >>>>>>>>>>> xxl-job, JobScheduleHelper#scheduleThread error:{}
java.sql.SQLTransientConnectionException: HikariCP - Connection is not available, request timed out after 13453ms.
	at com.zaxxer.hikari.pool.HikariPool.createTimeoutException(HikariPool.java:696)
	at com.zaxxer.hikari.pool.HikariPool.getConnection(HikariPool.java:197)
	at com.zaxxer.hikari.pool.HikariPool.getConnection(HikariPool.java:162)
	at com.zaxxer.hikari.HikariDataSource.getConnection(HikariDataSource.java:128)
	at com.xxl.job.admin.core.thread.JobScheduleHelper$1.run(JobScheduleHelper.java:69)
	at java.lang.Thread.run(Thread.java:750)
Caused by: java.sql.SQLNonTransientConnectionException: No operations allowed after connection closed.
	at com.mysql.cj.jdbc.exceptions.SQLError.createSQLException(SQLError.java:110)
	at com.mysql.cj.jdbc.exceptions.SQLError.createSQLException(SQLError.java:97)
	at com.mysql.cj.jdbc.exceptions.SQLError.createSQLException(SQLError.java:89)
	at com.mysql.cj.jdbc.exceptions.SQLError.createSQLException(SQLError.java:63)
	at com.mysql.cj.jdbc.exceptions.SQLError.createSQLException(SQLError.java:73)
	at com.mysql.cj.jdbc.exceptions.SQLExceptionsMapping.translateException(SQLExceptionsMapping.java:73)
	at com.mysql.cj.jdbc.ConnectionImpl.setNetworkTimeout(ConnectionImpl.java:2483)
	at com.zaxxer.hikari.pool.PoolBase.setNetworkTimeout(PoolBase.java:566)
	at com.zaxxer.hikari.pool.PoolBase.isConnectionAlive(PoolBase.java:173)
	at com.zaxxer.hikari.pool.HikariPool.getConnection(HikariPool.java:186)
	... 4 common frames omitted
Caused by: com.mysql.cj.exceptions.ConnectionIsClosedException: No operations allowed after connection closed.
	at sun.reflect.NativeConstructorAccessorImpl.newInstance0(Native Method)
	at sun.reflect.NativeConstructorAccessorImpl.newInstance(NativeConstructorAccessorImpl.java:62)
	at sun.reflect.DelegatingConstructorAccessorImpl.newInstance(DelegatingConstructorAccessorImpl.java:45)
	at java.lang.reflect.Constructor.newInstance(Constructor.java:423)
	at com.mysql.cj.exceptions.ExceptionFactory.createException(ExceptionFactory.java:61)
	at com.mysql.cj.exceptions.ExceptionFactory.createException(ExceptionFactory.java:105)
	at com.mysql.cj.exceptions.ExceptionFactory.createException(ExceptionFactory.java:151)
	at com.mysql.cj.NativeSession.checkClosed(NativeSession.java:761)
	at com.mysql.cj.jdbc.ConnectionImpl.checkClosed(ConnectionImpl.java:564)
	at com.mysql.cj.jdbc.ConnectionImpl.setNetworkTimeout(ConnectionImpl.java:2479)
	... 7 common frames omitted
Caused by: com.mysql.cj.exceptions.CJCommunicationsException: Communications link failure

The last packet successfully received from the server was 7,319,243 milliseconds ago. The last packet sent successfully to the server was 7,319,250 milliseconds ago.
	at sun.reflect.NativeConstructorAccessorImpl.newInstance0(Native Method)
	at sun.reflect.NativeConstructorAccessorImpl.newInstance(NativeConstructorAccessorImpl.java:62)
	at sun.reflect.DelegatingConstructorAccessorImpl.newInstance(DelegatingConstructorAccessorImpl.java:45)
	at java.lang.reflect.Constructor.newInstance(Constructor.java:423)
	at com.mysql.cj.exceptions.ExceptionFactory.createException(ExceptionFactory.java:61)
	at com.mysql.cj.exceptions.ExceptionFactory.createException(ExceptionFactory.java:105)
	at com.mysql.cj.exceptions.ExceptionFactory.createException(ExceptionFactory.java:151)
	at com.mysql.cj.exceptions.ExceptionFactory.createCommunicationsException(ExceptionFactory.java:167)
	at com.mysql.cj.protocol.a.NativeProtocol.readMessage(NativeProtocol.java:581)
	at com.mysql.cj.protocol.a.NativeProtocol.checkErrorMessage(NativeProtocol.java:761)
	at com.mysql.cj.protocol.a.NativeProtocol.sendCommand(NativeProtocol.java:700)
	at com.mysql.cj.protocol.a.NativeProtocol.sendQueryPacket(NativeProtocol.java:1051)
	at com.mysql.cj.protocol.a.NativeProtocol.sendQueryString(NativeProtocol.java:997)
	at com.mysql.cj.NativeSession.execSQL(NativeSession.java:663)
	at com.mysql.cj.jdbc.StatementImpl.executeInternal(StatementImpl.java:723)
	at com.mysql.cj.jdbc.StatementImpl.execute(StatementImpl.java:648)
	at com.zaxxer.hikari.pool.PoolBase.isConnectionAlive(PoolBase.java:169)
	... 5 common frames omitted
Caused by: java.net.SocketTimeoutException: Read timed out
	at java.net.SocketInputStream.socketRead0(Native Method)
	at java.net.SocketInputStream.socketRead(SocketInputStream.java:116)
	at java.net.SocketInputStream.read(SocketInputStream.java:171)
	at java.net.SocketInputStream.read(SocketInputStream.java:141)
	at com.mysql.cj.protocol.ReadAheadInputStream.fill(ReadAheadInputStream.java:107)
	at com.mysql.cj.protocol.ReadAheadInputStream.readFromUnderlyingStreamIfNecessary(ReadAheadInputStream.java:150)
	at com.mysql.cj.protocol.ReadAheadInputStream.read(ReadAheadInputStream.java:180)
	at java.io.FilterInputStream.read(FilterInputStream.java:133)
	at com.mysql.cj.protocol.FullReadInputStream.readFully(FullReadInputStream.java:64)
	at com.mysql.cj.protocol.a.SimplePacketReader.readHeaderLocal(SimplePacketReader.java:81)
	at com.mysql.cj.protocol.a.SimplePacketReader.readHeader(SimplePacketReader.java:63)
	at com.mysql.cj.protocol.a.SimplePacketReader.readHeader(SimplePacketReader.java:45)
	at com.mysql.cj.protocol.a.TimeTrackingPacketReader.readHeader(TimeTrackingPacketReader.java:52)
	at com.mysql.cj.protocol.a.TimeTrackingPacketReader.readHeader(TimeTrackingPacketReader.java:41)
	at com.mysql.cj.protocol.a.MultiPacketReader.readHeader(MultiPacketReader.java:54)
	at com.mysql.cj.protocol.a.MultiPacketReader.readHeader(MultiPacketReader.java:44)
	at com.mysql.cj.protocol.a.NativeProtocol.readMessage(NativeProtocol.java:575)
	... 13 common frames omitted
2025-12-11 03:17:41,566 WARN [xxl-job, admin JobRegistryMonitorHelper-registryMonitorThread] com.zaxxer.hikari.pool.PoolBase [PoolBase.java : 184] HikariCP - Failed to validate connection com.mysql.cj.jdbc.ConnectionImpl@4dce4495 (No operations allowed after connection closed.). Possibly consider using a shorter maxLifetime value.
2025-12-11 04:37:10,342 WARN [xxl-job, admin JobScheduleHelper#scheduleThread] com.zaxxer.hikari.pool.PoolBase [PoolBase.java : 184] HikariCP - Failed to validate connection com.mysql.cj.jdbc.ConnectionImpl@47b823e6 (No operations allowed after connection closed.). Possibly consider using a shorter maxLifetime value.
2025-12-11 04:37:17,960 WARN [xxl-job, admin JobRegistryMonitorHelper-registryMonitorThread] com.zaxxer.hikari.pool.PoolBase [PoolBase.java : 184] HikariCP - Failed to validate connection com.mysql.cj.jdbc.ConnectionImpl@302f3af8 (No operations allowed after connection closed.). Possibly consider using a shorter maxLifetime value.
2025-12-11 04:37:18,339 WARN [xxl-job, admin JobFailMonitorHelper] com.zaxxer.hikari.pool.PoolBase [PoolBase.java : 184] HikariCP - Failed to validate connection com.mysql.cj.jdbc.ConnectionImpl@2c46a114 (No operations allowed after connection closed.). Possibly consider using a shorter maxLifetime value.
2025-12-11 04:37:18,965 WARN [xxl-job, admin JobRegistryMonitorHelper-registryMonitorThread] com.zaxxer.hikari.pool.PoolBase [PoolBase.java : 184] HikariCP - Failed to validate connection com.mysql.cj.jdbc.ConnectionImpl@1cc3a9 (No operations allowed after connection closed.). Possibly consider using a shorter maxLifetime value.
2025-12-11 04:37:19,347 WARN [xxl-job, admin JobFailMonitorHelper] com.zaxxer.hikari.pool.PoolBase [PoolBase.java : 184] HikariCP - Failed to validate connection com.mysql.cj.jdbc.ConnectionImpl@4008cc96 (No operations allowed after connection closed.). Possibly consider using a shorter maxLifetime value.
2025-12-11 04:37:19,376 WARN [xxl-job, admin JobLosedMonitorHelper] com.zaxxer.hikari.pool.PoolBase [PoolBase.java : 184] HikariCP - Failed to validate connection com.mysql.cj.jdbc.ConnectionImpl@482bd7 (No operations allowed after connection closed.). Possibly consider using a shorter maxLifetime value.
2025-12-11 04:37:19,858 WARN [xxl-job, admin JobScheduleHelper#scheduleThread] com.zaxxer.hikari.pool.PoolBase [PoolBase.java : 184] HikariCP - Failed to validate connection com.mysql.cj.jdbc.ConnectionImpl@2483a27b (No operations allowed after connection closed.). Possibly consider using a shorter maxLifetime value.
2025-12-11 04:37:19,970 WARN [xxl-job, admin JobRegistryMonitorHelper-registryMonitorThread] com.zaxxer.hikari.pool.PoolBase [PoolBase.java : 184] HikariCP - Failed to validate connection com.mysql.cj.jdbc.ConnectionImpl@1c70fdf (No operations allowed after connection closed.). Possibly consider using a shorter maxLifetime value.
